<?xml version="1.0" encoding="UTF-8" ?>
<testsuite tests="10" failures="0" name="com.simalpas.battleships_java_rest.ReferencesTest" time="0" errors="0" skipped="0">
  <properties>
[...]
</properties>
  <testcase classname="com.simalpas.battleships_java_rest.ReferencesTest" name="testGetShipName1" time="0"/>
  <testcase classname="com.simalpas.battleships_java_rest.ReferencesTest" name="testGetShipName2" time="0"/>
  <testcase classname="com.simalpas.battleships_java_rest.ReferencesTest" name="testGetSymbol1" time="0"/>
  <testcase classname="com.simalpas.battleships_java_rest.ReferencesTest" name="testGetSymbol2" time="0"/>
  <testcase classname="com.simalpas.battleships_java_rest.ReferencesTest" name="testSHPS1" time="0"/>
  <testcase classname="com.simalpas.battleships_java_rest.ReferencesTest" name="testANSICOLOURS" time="0"/>
  <testcase classname="com.simalpas.battleships_java_rest.ReferencesTest" name="testANSICOLOURS1" time="0"/>
  <testcase classname="com.simalpas.battleships_java_rest.ReferencesTest" name="testSHIPS2" time="0"/>
  <testcase classname="com.simalpas.battleships_java_rest.ReferencesTest" name="testSetSIZE1" time="0"/>
  <testcase classname="com.simalpas.battleships_java_rest.ReferencesTest" name="testSetSIZE2" time="0"/>
</testsuite>